# JRE version: OpenJDK Runtime Environment Microsoft-28056 (17.0.1+12) (build 17.0.1+12-LTS)
# Java VM: OpenJDK 64-Bit Server VM Microsoft-28056 (17.0.1+12-LTS, mixed mode, tiered, compressed oops, compressed class ptrs, g1 gc, windows-amd64)
GC Precious Log:
 CPUs: 4 total, 4 available
 Memory: 5117M
 Large Page Support: Disabled
 NUMA Support: Disabled
 Compressed Oops: Enabled (Zero based)
 Heap Region Size: 32M
 Heap Min Capacity: 32M
 Heap Initial Capacity: 96M
 Heap Max Capacity: 4G
 Pre-touch: Disabled
 Parallel Workers: 4
 Concurrent Workers: 1
 Concurrent Refinement Workers: 4
 Periodic GC: Disabled
Heap:
 garbage-first heap   total 4194304K, used 2620163K [0x0000000700000000, 0x0000000800000000)
  region size 32768K, 18 young (589824K), 4 survivors (131072K)
 Metaspace       used 252223K, committed 254848K, reserved 1269760K
  class space    used 37516K, committed 38720K, reserved 1048576K
GC Heap History (20 events):
Event: 2339.159 GC heap before
{Heap before GC invocations=556 (full 0):
 garbage-first heap   total 4194304K, used 2591413K [0x0000000700000000, 0x0000000800000000)
  region size 32768K, 25 young (819200K), 1 survivors (32768K)
 Metaspace       used 251874K, committed 254848K, reserved 1269760K
  class space    used 37463K, committed 38720K, reserved 1048576K
}
Event: 2339.191 GC heap after
{Heap after GC invocations=557 (full 0):
 garbage-first heap   total 4194304K, used 1802470K [0x0000000700000000, 0x0000000800000000)
  region size 32768K, 1 young (32768K), 1 survivors (32768K)
 Metaspace       used 251874K, committed 254848K, reserved 1269760K
  class space    used 37463K, committed 38720K, reserved 1048576K
}
Event: 2340.129 GC heap before
{Heap before GC invocations=557 (full 0):
 garbage-first heap   total 4194304K, used 2588902K [0x0000000700000000, 0x0000000800000000)
  region size 32768K, 25 young (819200K), 1 survivors (32768K)
 Metaspace       used 251874K, committed 254848K, reserved 1269760K
  class space    used 37463K, committed 38720K, reserved 1048576K
}
Event: 2340.165 GC heap after
{Heap after GC invocations=558 (full 0):
 garbage-first heap   total 4194304K, used 1806886K [0x0000000700000000, 0x0000000800000000)
  region size 32768K, 1 young (32768K), 1 survivors (32768K)
 Metaspace       used 251874K, committed 254848K, reserved 1269760K
  class space    used 37463K, committed 38720K, reserved 1048576K
}
Event: 2342.019 GC heap before
{Heap before GC invocations=558 (full 0):
 garbage-first heap   total 4194304K, used 2593318K [0x0000000700000000, 0x0000000800000000)
  region size 32768K, 25 young (819200K), 1 survivors (32768K)
 Metaspace       used 251874K, committed 254848K, reserved 1269760K
  class space    used 37463K, committed 38720K, reserved 1048576K
}
Event: 2342.075 GC heap after
{Heap after GC invocations=559 (full 0):
 garbage-first heap   total 4194304K, used 1825933K [0x0000000700000000, 0x0000000800000000)
  region size 32768K, 2 young (65536K), 2 survivors (65536K)
 Metaspace       used 251874K, committed 254848K, reserved 1269760K
  class space    used 37463K, committed 38720K, reserved 1048576K
}
Event: 2343.809 GC heap before
{Heap before GC invocations=559 (full 0):
 garbage-first heap   total 4194304K, used 2579597K [0x0000000700000000, 0x0000000800000000)
  region size 32768K, 25 young (819200K), 2 survivors (65536K)
 Metaspace       used 251874K, committed 254848K, reserved 1269760K
  class space    used 37463K, committed 38720K, reserved 1048576K
}
Event: 2343.879 GC heap after
{Heap after GC invocations=560 (full 0):
 garbage-first heap   total 4194304K, used 1847857K [0x0000000700000000, 0x0000000800000000)
  region size 32768K, 2 young (65536K), 2 survivors (65536K)
 Metaspace       used 251874K, committed 254848K, reserved 1269760K
  class space    used 37463K, committed 38720K, reserved 1048576K
}
Event: 2346.926 GC heap before
{Heap before GC invocations=560 (full 0):
 garbage-first heap   total 4194304K, used 2601521K [0x0000000700000000, 0x0000000800000000)
  region size 32768K, 25 young (819200K), 2 survivors (65536K)
 Metaspace       used 251887K, committed 254848K, reserved 1269760K
  class space    used 37463K, committed 38720K, reserved 1048576K
}
Event: 2347.038 GC heap after
{Heap after GC invocations=561 (full 0):
 garbage-first heap   total 4194304K, used 1843315K [0x0000000700000000, 0x0000000800000000)
  region size 32768K, 2 young (65536K), 2 survivors (65536K)
 Metaspace       used 251887K, committed 254848K, reserved 1269760K
  class space    used 37463K, committed 38720K, reserved 1048576K
}
Event: 2353.308 GC heap before
{Heap before GC invocations=561 (full 0):
 garbage-first heap   total 4194304K, used 2596979K [0x0000000700000000, 0x0000000800000000)
  region size 32768K, 25 young (819200K), 2 survivors (65536K)
 Metaspace       used 252146K, committed 254848K, reserved 1269760K
  class space    used 37516K, committed 38720K, reserved 1048576K
}
Event: 2353.374 GC heap after
{Heap after GC invocations=562 (full 0):
 garbage-first heap   total 4194304K, used 1824443K [0x0000000700000000, 0x0000000800000000)
  region size 32768K, 2 young (65536K), 2 survivors (65536K)
 Metaspace       used 252146K, committed 254848K, reserved 1269760K
  class space    used 37516K, committed 38720K, reserved 1048576K
}
Event: 2357.172 GC heap before
{Heap before GC invocations=562 (full 0):
 garbage-first heap   total 4194304K, used 2578107K [0x0000000700000000, 0x0000000800000000)
  region size 32768K, 25 young (819200K), 2 survivors (65536K)
 Metaspace       used 252146K, committed 254848K, reserved 1269760K
  class space    used 37516K, committed 38720K, reserved 1048576K
}
Event: 2357.261 GC heap after
{Heap after GC invocations=563 (full 0):
 garbage-first heap   total 4194304K, used 1821595K [0x0000000700000000, 0x0000000800000000)
  region size 32768K, 2 young (65536K), 2 survivors (65536K)
 Metaspace       used 252146K, committed 254848K, reserved 1269760K
  class space    used 37516K, committed 38720K, reserved 1048576K
}
Event: 2359.567 GC heap before
{Heap before GC invocations=563 (full 0):
 garbage-first heap   total 4194304K, used 2575259K [0x0000000700000000, 0x0000000800000000)
  region size 32768K, 25 young (819200K), 2 survivors (65536K)
 Metaspace       used 252154K, committed 254848K, reserved 1269760K
  class space    used 37516K, committed 38720K, reserved 1048576K
}
Event: 2360.991 GC heap after
{Heap after GC invocations=564 (full 0):
 garbage-first heap   total 4194304K, used 2128679K [0x0000000700000000, 0x0000000800000000)
  region size 32768K, 4 young (131072K), 4 survivors (131072K)
 Metaspace       used 252154K, committed 254848K, reserved 1269760K
  class space    used 37516K, committed 38720K, reserved 1048576K
}
Event: 2364.978 GC heap before
{Heap before GC invocations=564 (full 0):
 garbage-first heap   total 4194304K, used 2816807K [0x0000000700000000, 0x0000000800000000)
  region size 32768K, 25 young (819200K), 4 survivors (131072K)
 Metaspace       used 252156K, committed 254848K, reserved 1269760K
  class space    used 37516K, committed 38720K, reserved 1048576K
}
Event: 2365.308 GC heap after
{Heap after GC invocations=565 (full 0):
 garbage-first heap   total 4194304K, used 2159001K [0x0000000700000000, 0x0000000800000000)
  region size 32768K, 3 young (98304K), 3 survivors (98304K)
 Metaspace       used 252156K, committed 254848K, reserved 1269760K
  class space    used 37516K, committed 38720K, reserved 1048576K
}
Event: 2369.086 GC heap before
{Heap before GC invocations=565 (full 0):
 garbage-first heap   total 4194304K, used 2879897K [0x0000000700000000, 0x0000000800000000)
  region size 32768K, 25 young (819200K), 3 survivors (98304K)
 Metaspace       used 252199K, committed 254848K, reserved 1269760K
  class space    used 37516K, committed 38720K, reserved 1048576K
}
Event: 2369.259 GC heap after
{Heap after GC invocations=566 (full 0):
 garbage-first heap   total 4194304K, used 2194179K [0x0000000700000000, 0x0000000800000000)
  region size 32768K, 4 young (131072K), 4 survivors (131072K)
 Metaspace       used 252199K, committed 254848K, reserved 1269760K
  class space    used 37516K, committed 38720K, reserved 1048576K
}

