# JRE version: OpenJDK Runtime Environment Microsoft-28056 (17.0.1+12) (build 17.0.1+12-LTS)
# Java VM: OpenJDK 64-Bit Server VM Microsoft-28056 (17.0.1+12-LTS, mixed mode, tiered, compressed oops, compressed class ptrs, g1 gc, windows-amd64)
GC Precious Log:
 CPUs: 4 total, 4 available
 Memory: 5117M
 Large Page Support: Disabled
 NUMA Support: Disabled
 Compressed Oops: Enabled (Zero based)
 Heap Region Size: 32M
 Heap Min Capacity: 32M
 Heap Initial Capacity: 96M
 Heap Max Capacity: 4G
 Pre-touch: Disabled
 Parallel Workers: 4
 Concurrent Workers: 1
 Concurrent Refinement Workers: 4
 Periodic GC: Disabled
Heap:
 garbage-first heap   total 4194304K, used 1777775K [0x0000000700000000, 0x0000000800000000)
  region size 32768K, 7 young (229376K), 3 survivors (98304K)
 Metaspace       used 254189K, committed 256256K, reserved 1269760K
  class space    used 37655K, committed 38784K, reserved 1048576K
GC Heap History (20 events):
Event: 4678.739 GC heap before
{Heap before GC invocations=737 (full 0):
 garbage-first heap   total 4194304K, used 2185296K [0x0000000700000000, 0x0000000800000000)
  region size 32768K, 25 young (819200K), 1 survivors (32768K)
 Metaspace       used 253836K, committed 256000K, reserved 1269760K
  class space    used 37590K, committed 38784K, reserved 1048576K
}
Event: 4678.770 GC heap after
{Heap after GC invocations=738 (full 0):
 garbage-first heap   total 4194304K, used 1398971K [0x0000000700000000, 0x0000000800000000)
  region size 32768K, 1 young (32768K), 1 survivors (32768K)
 Metaspace       used 253836K, committed 256000K, reserved 1269760K
  class space    used 37590K, committed 38784K, reserved 1048576K
}
Event: 4679.808 GC heap before
{Heap before GC invocations=738 (full 0):
 garbage-first heap   total 4194304K, used 2250939K [0x0000000700000000, 0x0000000800000000)
  region size 32768K, 27 young (884736K), 1 survivors (32768K)
 Metaspace       used 253836K, committed 256000K, reserved 1269760K
  class space    used 37590K, committed 38784K, reserved 1048576K
}
Event: 4679.840 GC heap after
{Heap after GC invocations=739 (full 0):
 garbage-first heap   total 4194304K, used 1398000K [0x0000000700000000, 0x0000000800000000)
  region size 32768K, 1 young (32768K), 1 survivors (32768K)
 Metaspace       used 253836K, committed 256000K, reserved 1269760K
  class space    used 37590K, committed 38784K, reserved 1048576K
}
Event: 4683.933 GC heap before
{Heap before GC invocations=739 (full 0):
 garbage-first heap   total 4194304K, used 3265776K [0x0000000700000000, 0x0000000800000000)
  region size 32768K, 58 young (1900544K), 1 survivors (32768K)
 Metaspace       used 253836K, committed 256000K, reserved 1269760K
  class space    used 37590K, committed 38784K, reserved 1048576K
}
Event: 4684.208 GC heap after
{Heap after GC invocations=740 (full 0):
 garbage-first heap   total 4194304K, used 1430197K [0x0000000700000000, 0x0000000800000000)
  region size 32768K, 2 young (65536K), 2 survivors (65536K)
 Metaspace       used 253836K, committed 256000K, reserved 1269760K
  class space    used 37590K, committed 38784K, reserved 1048576K
}
Event: 4685.686 GC heap before
{Heap before GC invocations=740 (full 0):
 garbage-first heap   total 4194304K, used 2151093K [0x0000000700000000, 0x0000000800000000)
  region size 32768K, 25 young (819200K), 2 survivors (65536K)
 Metaspace       used 253837K, committed 256000K, reserved 1269760K
  class space    used 37590K, committed 38784K, reserved 1048576K
}
Event: 4685.756 GC heap after
{Heap after GC invocations=741 (full 0):
 garbage-first heap   total 4194304K, used 1443064K [0x0000000700000000, 0x0000000800000000)
  region size 32768K, 2 young (65536K), 2 survivors (65536K)
 Metaspace       used 253837K, committed 256000K, reserved 1269760K
  class space    used 37590K, committed 38784K, reserved 1048576K
}
Event: 4693.305 GC heap before
{Heap before GC invocations=742 (full 0):
 garbage-first heap   total 4194304K, used 2196728K [0x0000000700000000, 0x0000000800000000)
  region size 32768K, 25 young (819200K), 2 survivors (65536K)
 Metaspace       used 253888K, committed 256064K, reserved 1269760K
  class space    used 37601K, committed 38784K, reserved 1048576K
}
Event: 4693.391 GC heap after
{Heap after GC invocations=743 (full 0):
 garbage-first heap   total 4194304K, used 1433325K [0x0000000700000000, 0x0000000800000000)
  region size 32768K, 2 young (65536K), 2 survivors (65536K)
 Metaspace       used 253888K, committed 256064K, reserved 1269760K
  class space    used 37601K, committed 38784K, reserved 1048576K
}
Event: 4700.043 GC heap before
{Heap before GC invocations=743 (full 0):
 garbage-first heap   total 4194304K, used 2186989K [0x0000000700000000, 0x0000000800000000)
  region size 32768K, 25 young (819200K), 2 survivors (65536K)
 Metaspace       used 254133K, committed 256192K, reserved 1269760K
  class space    used 37654K, committed 38784K, reserved 1048576K
}
Event: 4700.174 GC heap after
{Heap after GC invocations=744 (full 0):
 garbage-first heap   total 4194304K, used 1395333K [0x0000000700000000, 0x0000000800000000)
  region size 32768K, 2 young (65536K), 2 survivors (65536K)
 Metaspace       used 254133K, committed 256192K, reserved 1269760K
  class space    used 37654K, committed 38784K, reserved 1048576K
}
Event: 4704.795 GC heap before
{Heap before GC invocations=744 (full 0):
 garbage-first heap   total 4194304K, used 2148997K [0x0000000700000000, 0x0000000800000000)
  region size 32768K, 25 young (819200K), 2 survivors (65536K)
 Metaspace       used 254139K, committed 256256K, reserved 1269760K
  class space    used 37654K, committed 38784K, reserved 1048576K
}
Event: 4704.945 GC heap after
{Heap after GC invocations=745 (full 0):
 garbage-first heap   total 4194304K, used 1383554K [0x0000000700000000, 0x0000000800000000)
  region size 32768K, 2 young (65536K), 2 survivors (65536K)
 Metaspace       used 254139K, committed 256256K, reserved 1269760K
  class space    used 37654K, committed 38784K, reserved 1048576K
}
Event: 4706.787 GC heap before
{Heap before GC invocations=745 (full 0):
 garbage-first heap   total 4194304K, used 2137218K [0x0000000700000000, 0x0000000800000000)
  region size 32768K, 25 young (819200K), 2 survivors (65536K)
 Metaspace       used 254140K, committed 256256K, reserved 1269760K
  class space    used 37654K, committed 38784K, reserved 1048576K
}
Event: 4707.828 GC heap after
{Heap after GC invocations=746 (full 0):
 garbage-first heap   total 4194304K, used 1637343K [0x0000000700000000, 0x0000000800000000)
  region size 32768K, 4 young (131072K), 4 survivors (131072K)
 Metaspace       used 254140K, committed 256256K, reserved 1269760K
  class space    used 37654K, committed 38784K, reserved 1048576K
}
Event: 4712.771 GC heap before
{Heap before GC invocations=746 (full 0):
 garbage-first heap   total 4194304K, used 2325471K [0x0000000700000000, 0x0000000800000000)
  region size 32768K, 25 young (819200K), 4 survivors (131072K)
 Metaspace       used 254164K, committed 256256K, reserved 1269760K
  class space    used 37655K, committed 38784K, reserved 1048576K
}
Event: 4713.203 GC heap after
{Heap after GC invocations=747 (full 0):
 garbage-first heap   total 4194304K, used 1624675K [0x0000000700000000, 0x0000000800000000)
  region size 32768K, 2 young (65536K), 2 survivors (65536K)
 Metaspace       used 254164K, committed 256256K, reserved 1269760K
  class space    used 37655K, committed 38784K, reserved 1048576K
}
Event: 4716.343 GC heap before
{Heap before GC invocations=747 (full 0):
 garbage-first heap   total 4194304K, used 2378339K [0x0000000700000000, 0x0000000800000000)
  region size 32768K, 25 young (819200K), 2 survivors (65536K)
 Metaspace       used 254189K, committed 256256K, reserved 1269760K
  class space    used 37655K, committed 38784K, reserved 1048576K
}
Event: 4716.465 GC heap after
{Heap after GC invocations=748 (full 0):
 garbage-first heap   total 4194304K, used 1679471K [0x0000000700000000, 0x0000000800000000)
  region size 32768K, 3 young (98304K), 3 survivors (98304K)
 Metaspace       used 254189K, committed 256256K, reserved 1269760K
  class space    used 37655K, committed 38784K, reserved 1048576K
}

